-------------------------------------------------------------------------------
Test set: com.example.echoeyes.EchoEyesApplicationTests
-------------------------------------------------------------------------------
Tests run: 1, Failures: 0, Errors: 1, Skipped: 0, Time elapsed: 4.406 s <<< FAILURE! - in com.example.echoeyes.EchoEyesApplicationTests
contextLoads  Time elapsed: 0.019 s  <<< ERROR!
java.lang.IllegalStateException: Failed to load ApplicationContext
Caused by: org.springframework.beans.factory.BeanCreationException: Error creating bean with name 'org.springframework.boot.autoconfigure.mail.MailSenderValidatorAutoConfiguration': Bean instantiation via constructor failed; nested exception is org.springframework.beans.BeanInstantiationException: Failed to instantiate [org.springframework.boot.autoconfigure.mail.MailSenderValidatorAutoConfiguration]: Constructor threw exception; nested exception is java.lang.IllegalStateException: Mail server is not available
Caused by: org.springframework.beans.BeanInstantiationException: Failed to instantiate [org.springframework.boot.autoconfigure.mail.MailSenderValidatorAutoConfiguration]: Constructor threw exception; nested exception is java.lang.IllegalStateException: Mail server is not available
Caused by: java.lang.IllegalStateException: Mail server is not available
Caused by: com.sun.mail.util.MailConnectException: Couldn't connect to host, port: smtp.gmail.com  # Replace with your SMTP server, 587; timeout -1
Caused by: java.net.UnknownHostException: smtp.gmail.com  # Replace with your SMTP server

